<beans xmlns="http://www.springframework.org/schema/beans"
	xmlns:xsi="http://www.w3.org/2001/XMLSchema-instance" xmlns:context="http://www.springframework.org/schema/context"
	xsi:schemaLocation="
		http://www.springframework.org/schema/beans 
		http://www.springframework.org/schema/beans/spring-beans-3.2.xsd
		http://www.springframework.org/schema/context 
		http://www.springframework.org/schema/context/spring-context-3.1.xsd">

	<!-- this bean should auto load -->
	<bean id="jobLauncherTestUtilsSecuentialControlFlow" class="org.springframework.batch.test.JobLauncherTestUtils">
		<property name="job" ref="secuentialControlFlow" />
		<property name="jobRepository" ref="jobRepository" />
		<property name="jobLauncher" ref="jobLauncher" />
	</bean>
	<bean id="jobLauncherTestUtilsConditionalControlFlow" class="org.springframework.batch.test.JobLauncherTestUtils">
		<property name="job" ref="conditionalControlFlow" />
		<property name="jobRepository" ref="jobRepository" />
		<property name="jobLauncher" ref="jobLauncher" />
	</bean>

</beans>
